Using pre-set license
Built from '2020.3/staging' branch; Version is '2020.3.21f1 (a38c86f6690f) revision 10718342'; Using compiler version '192528614'; Build Type 'Release'
OS: 'Windows 10 Pro; OS build 19043.1586; Version 2009; 64bit' Language: 'en' Physical Memory: 16341 MB
BatchMode: 1, IsHumanControllingUs: 0, StartBugReporterOnCrash: 0, Is64bit: 1, IsPro: 0

COMMAND LINE ARGUMENTS:
F:\Unity\2020.3.21f1\Editor\Unity.exe
-adb2
-batchMode
-noUpm
-name
AssetImportWorker0
-projectPath
F:/UnityProjects/Project-Context-II
-logFile
Logs/AssetImportWorker0.log
-srvPort
62973
Successfully changed project path to: F:/UnityProjects/Project-Context-II
F:/UnityProjects/Project-Context-II
Using Asset Import Pipeline V2.
Refreshing native plugins compatible for Editor in 94.30 ms, found 3 plugins.
Preloading 0 native plugins for Editor in 0.00 ms.
Initialize engine version: 2020.3.21f1 (a38c86f6690f)
[Subsystems] Discovering subsystems at path F:/Unity/2020.3.21f1/Editor/Data/Resources/UnitySubsystems
[Subsystems] Discovering subsystems at path F:/UnityProjects/Project-Context-II/Assets
GfxDevice: creating device client; threaded=0
Direct3D:
    Version:  Direct3D 11.0 [level 11.1]
    Renderer: NVIDIA GeForce RTX 2070 (ID=0x1f07)
    Vendor:   
    VRAM:     8031 MB
    Driver:   30.0.15.1215
Initialize mono
Mono path[0] = 'F:/Unity/2020.3.21f1/Editor/Data/Managed'
Mono path[1] = 'F:/Unity/2020.3.21f1/Editor/Data/MonoBleedingEdge/lib/mono/unityjit'
Mono config path = 'F:/Unity/2020.3.21f1/Editor/Data/MonoBleedingEdge/etc'
Using monoOptions --debugger-agent=transport=dt_socket,embedding=1,server=y,suspend=n,address=127.0.0.1:56916
Begin MonoManager ReloadAssembly
Registering precompiled unity dll's ...
Register platform support module: F:/Unity/2020.3.21f1/Editor/Data/PlaybackEngines/WindowsStandaloneSupport/UnityEditor.WindowsStandalone.Extensions.dll
Registered in 0.001420 seconds.
Native extension for WindowsStandalone target not found
Refreshing native plugins compatible for Editor in 83.45 ms, found 3 plugins.
Preloading 0 native plugins for Editor in 0.00 ms.
Mono: successfully reloaded assembly
- Completed reload, in  1.409 seconds
Domain Reload Profiling:
	ReloadAssembly (1409ms)
		BeginReloadAssembly (75ms)
			ExecutionOrderSort (0ms)
			DisableScriptedObjects (0ms)
			BackupInstance (0ms)
			ReleaseScriptingObjects (0ms)
			CreateAndSetChildDomain (1ms)
		EndReloadAssembly (597ms)
			LoadAssemblies (74ms)
			RebuildTransferFunctionScriptingTraits (0ms)
			SetupTypeCache (201ms)
			ReleaseScriptCaches (0ms)
			RebuildScriptCaches (40ms)
			SetupLoadedEditorAssemblies (239ms)
				LogAssemblyErrors (0ms)
				InitializePlatformSupportModulesInManaged (7ms)
				SetLoadedEditorAssemblies (0ms)
				RefreshPlugins (84ms)
				BeforeProcessingInitializeOnLoad (15ms)
				ProcessInitializeOnLoadAttributes (101ms)
				ProcessInitializeOnLoadMethodAttributes (32ms)
				AfterProcessingInitializeOnLoad (0ms)
				EditorAssembliesLoaded (0ms)
			ExecutionOrderSort2 (0ms)
			AwakeInstancesAfterBackupRestoration (0ms)
Platform modules already initialized, skipping
Registering precompiled user dll's ...
Registered in 0.009412 seconds.
Begin MonoManager ReloadAssembly
Native extension for WindowsStandalone target not found
Refreshing native plugins compatible for Editor in 78.52 ms, found 3 plugins.
Preloading 0 native plugins for Editor in 0.00 ms.
Mono: successfully reloaded assembly
- Completed reload, in  1.444 seconds
Domain Reload Profiling:
	ReloadAssembly (1445ms)
		BeginReloadAssembly (169ms)
			ExecutionOrderSort (0ms)
			DisableScriptedObjects (5ms)
			BackupInstance (0ms)
			ReleaseScriptingObjects (0ms)
			CreateAndSetChildDomain (20ms)
		EndReloadAssembly (1214ms)
			LoadAssemblies (124ms)
			RebuildTransferFunctionScriptingTraits (0ms)
			SetupTypeCache (431ms)
			ReleaseScriptCaches (1ms)
			RebuildScriptCaches (70ms)
			SetupLoadedEditorAssemblies (451ms)
				LogAssemblyErrors (0ms)
				InitializePlatformSupportModulesInManaged (5ms)
				SetLoadedEditorAssemblies (0ms)
				RefreshPlugins (79ms)
				BeforeProcessingInitializeOnLoad (102ms)
				ProcessInitializeOnLoadAttributes (239ms)
				ProcessInitializeOnLoadMethodAttributes (23ms)
				AfterProcessingInitializeOnLoad (2ms)
				EditorAssembliesLoaded (0ms)
			ExecutionOrderSort2 (0ms)
			AwakeInstancesAfterBackupRestoration (7ms)
Platform modules already initialized, skipping
========================================================================
Worker process is ready to serve import requests
Launched and connected shader compiler UnityShaderCompiler.exe after 0.06 seconds
Refreshing native plugins compatible for Editor in 0.74 ms, found 3 plugins.
Preloading 0 native plugins for Editor in 0.00 ms.
Unloading 3561 Unused Serialized files (Serialized files now loaded: 0)
System memory in use before: 152.7 MB.
System memory in use after: 152.9 MB.

Unloading 40 unused Assets to reduce memory usage. Loaded Objects now: 3985.
Total: 4.080800 ms (FindLiveObjects: 0.392000 ms CreateObjectMapping: 0.237600 ms MarkObjects: 3.337800 ms  DeleteObjects: 0.112000 ms)

AssetImportParameters requested are different than current active one (requested -> active):
  custom:framework-win-MediaFoundation: 216162199b28c13a410421893ffa2e32 -> 
  custom:video-decoder-ogg-theora: a1e56fd34408186e4bbccfd4996cb3dc -> 
  custom:container-muxer-webm: aa71ff27fc2769a1b78a27578f13a17b -> 
  custom:container-demuxer-webm: 4f35f7cbe854078d1ac9338744f61a02 -> 
  custom:container-demuxer-ogg: 62fdf1f143b41e24485cea50d1cbac27 -> 
  custom:video-encoder-webm-vp8: eb34c28f22e8b96e1ab97ce403110664 -> 
  custom:video-codec-MediaFoundation-h265: 746d11721c4dcdbdad8f713fa42b33f4 -> 
  custom:video-decoder-webm-vp8: 9c59270c3fd7afecdb556c50c9e8de78 -> 
  custom:audio-decoder-ogg-vorbis: bf7c407c2cedff20999df2af8eb42d56 -> 
  custom:audio-encoder-webm-vorbis: bf7c407c2cedff20999df2af8eb42d56 -> 
========================================================================
Received Import Request.
  path: Assets/Sprites/Environment/desk4.png
  artifactKey: Guid(345da26e2d09a664996d9eaddd82c311) Importer(815301076,1909f56bfc062723c751e8b465ee728b)
Start importing Assets/Sprites/Environment/desk4.png using Guid(345da26e2d09a664996d9eaddd82c311) Importer(815301076,1909f56bfc062723c751e8b465ee728b)  -> (artifact id: '5d4d1346d2d5558a129fac4c30974647') in 0.191900 seconds 
  Import took 0.199223 seconds .

========================================================================
Received Import Request.
  Time since last request: 0.000204 seconds.
  path: Assets/Sprites/Environment/desk2.png
  artifactKey: Guid(fd53d5e74b7fe914e980297bbeaebbfa) Importer(815301076,1909f56bfc062723c751e8b465ee728b)
Start importing Assets/Sprites/Environment/desk2.png using Guid(fd53d5e74b7fe914e980297bbeaebbfa) Importer(815301076,1909f56bfc062723c751e8b465ee728b)  -> (artifact id: '5e78bfae97e554b70e4c0c3e19403f37') in 0.025475 seconds 
  Import took 0.032573 seconds .

========================================================================
Received Import Request.
  Time since last request: 0.000297 seconds.
  path: Assets/Sprites/Environment
  artifactKey: Guid(e217394fd6f11884cbdb5a8d5be1ea8a) Importer(815301076,1909f56bfc062723c751e8b465ee728b)
Start importing Assets/Sprites/Environment using Guid(e217394fd6f11884cbdb5a8d5be1ea8a) Importer(815301076,1909f56bfc062723c751e8b465ee728b)  -> (artifact id: '861e201eab0741797d28d9ec982aab5d') in 0.004712 seconds 
  Import took 0.012295 seconds .

========================================================================
Received Import Request.
  Time since last request: 0.000228 seconds.
  path: Assets/Sprites/Environment/desk3.png
  artifactKey: Guid(d9f1872cd80e1cd43b0e0033f63c7631) Importer(815301076,1909f56bfc062723c751e8b465ee728b)
Start importing Assets/Sprites/Environment/desk3.png using Guid(d9f1872cd80e1cd43b0e0033f63c7631) Importer(815301076,1909f56bfc062723c751e8b465ee728b)  -> (artifact id: '958f56b77091e446813cf196628992db') in 0.030962 seconds 
  Import took 0.038687 seconds .

========================================================================
Received Import Request.
  Time since last request: 0.000358 seconds.
  path: Assets/Sprites/Environment/desk1.png
  artifactKey: Guid(5c7a7cddb7a93684ea16838ba054d5cb) Importer(815301076,1909f56bfc062723c751e8b465ee728b)
Start importing Assets/Sprites/Environment/desk1.png using Guid(5c7a7cddb7a93684ea16838ba054d5cb) Importer(815301076,1909f56bfc062723c751e8b465ee728b)  -> (artifact id: '20080f9c9d1b4692cf2efaff11d4d2f0') in 0.022460 seconds 
  Import took 0.031428 seconds .

========================================================================
Received Import Request.
  Time since last request: 0.217823 seconds.
  path: Assets/Sprites/Environment/flask1.png
  artifactKey: Guid(8d7dd468122dd5f47ade079050b3227c) Importer(815301076,1909f56bfc062723c751e8b465ee728b)
Start importing Assets/Sprites/Environment/flask1.png using Guid(8d7dd468122dd5f47ade079050b3227c) Importer(815301076,1909f56bfc062723c751e8b465ee728b)  -> (artifact id: '636bffad17c1e4fd985ecc60ebfc9077') in 0.017339 seconds 
  Import took 0.045331 seconds .

========================================================================
Received Import Request.
  Time since last request: 1.017169 seconds.
  path: Assets/Sprites/Environment/painting2.png
  artifactKey: Guid(c2c4b39764a3c3a4fb6cc4ce6662560f) Importer(815301076,1909f56bfc062723c751e8b465ee728b)
Start importing Assets/Sprites/Environment/painting2.png using Guid(c2c4b39764a3c3a4fb6cc4ce6662560f) Importer(815301076,1909f56bfc062723c751e8b465ee728b)  -> (artifact id: '2823af505a00f72623b2039099dc1835') in 0.019633 seconds 
  Import took 0.047721 seconds .

========================================================================
Received Import Request.
  Time since last request: 0.812192 seconds.
  path: Assets/Sprites/Environment/background.png
  artifactKey: Guid(84862de5e2defd344a1a7c198eeb57a8) Importer(815301076,1909f56bfc062723c751e8b465ee728b)
Start importing Assets/Sprites/Environment/background.png using Guid(84862de5e2defd344a1a7c198eeb57a8) Importer(815301076,1909f56bfc062723c751e8b465ee728b)  -> (artifact id: '7ce9de2757096dbc9041192607f466f7') in 0.046359 seconds 
  Import took 0.053907 seconds .

========================================================================
Received Import Request.
  Time since last request: 0.899904 seconds.
  path: Assets/Sprites/Environment/calender.png
  artifactKey: Guid(606ad9c3b8b906d44b1e477843e499f3) Importer(815301076,1909f56bfc062723c751e8b465ee728b)
Start importing Assets/Sprites/Environment/calender.png using Guid(606ad9c3b8b906d44b1e477843e499f3) Importer(815301076,1909f56bfc062723c751e8b465ee728b)  -> (artifact id: '1f7b0e1ef36353a0de9174d4770fad88') in 0.016636 seconds 
  Import took 0.023181 seconds .

========================================================================
Received Import Request.
  Time since last request: 1.935401 seconds.
  path: Assets/Sprites/Environment/kast1.png
  artifactKey: Guid(8d897173558a1944f9af5eeb52da2dc5) Importer(815301076,1909f56bfc062723c751e8b465ee728b)
Start importing Assets/Sprites/Environment/kast1.png using Guid(8d897173558a1944f9af5eeb52da2dc5) Importer(815301076,1909f56bfc062723c751e8b465ee728b)  -> (artifact id: '5f8338248e3a8f26ebdf57df90e7a1af') in 0.020017 seconds 
  Import took 0.048956 seconds .

========================================================================
Received Import Request.
  Time since last request: 0.522666 seconds.
  path: Assets/Sprites/Environment/kast2.png
  artifactKey: Guid(2626081bec4276d4bbc040d178c0b4df) Importer(815301076,1909f56bfc062723c751e8b465ee728b)
Start importing Assets/Sprites/Environment/kast2.png using Guid(2626081bec4276d4bbc040d178c0b4df) Importer(815301076,1909f56bfc062723c751e8b465ee728b)  -> (artifact id: '89b3a1e75fa0ceddc1cfc2a4e0f817ab') in 0.021416 seconds 
  Import took 0.027298 seconds .

========================================================================
Received Import Request.
  Time since last request: 247.335454 seconds.
  path: Assets/Sprites/Environment/windowssmall.png
  artifactKey: Guid(ccc6dd5cd15172c4cbd2132554b09798) Importer(815301076,1909f56bfc062723c751e8b465ee728b)
Start importing Assets/Sprites/Environment/windowssmall.png using Guid(ccc6dd5cd15172c4cbd2132554b09798) Importer(815301076,1909f56bfc062723c751e8b465ee728b)  -> (artifact id: '18eb7f3c4c703f94c42b15c95dfbe9c4') in 0.046356 seconds 
  Import took 0.052821 seconds .

========================================================================
Received Import Request.
  Time since last request: 0.999096 seconds.
  path: Assets/Sprites/Environment/windowsbig.png
  artifactKey: Guid(c1ab062fda5be4f4f8ee72a574218ce9) Importer(815301076,1909f56bfc062723c751e8b465ee728b)
Start importing Assets/Sprites/Environment/windowsbig.png using Guid(c1ab062fda5be4f4f8ee72a574218ce9) Importer(815301076,1909f56bfc062723c751e8b465ee728b)  -> (artifact id: '123c7b1c2f791d5ee97cc52bd307220a') in 0.023618 seconds 
  Import took 0.200158 seconds .

========================================================================
Received Import Request.
  Time since last request: 0.576814 seconds.
  path: Assets/Sprites/Environment/stairs.png
  artifactKey: Guid(9ac38b11e9ae483459068be9c61b4a29) Importer(815301076,1909f56bfc062723c751e8b465ee728b)
Start importing Assets/Sprites/Environment/stairs.png using Guid(9ac38b11e9ae483459068be9c61b4a29) Importer(815301076,1909f56bfc062723c751e8b465ee728b)  -> (artifact id: '0357eb5e609edd1eb390b525d495a46f') in 0.030365 seconds 
  Import took 0.037421 seconds .

========================================================================
Received Import Request.
  Time since last request: 0.773392 seconds.
  path: Assets/Sprites/Environment/shelf.png
  artifactKey: Guid(ff40902aaa696d94ca750013539d15f2) Importer(815301076,1909f56bfc062723c751e8b465ee728b)
Start importing Assets/Sprites/Environment/shelf.png using Guid(ff40902aaa696d94ca750013539d15f2) Importer(815301076,1909f56bfc062723c751e8b465ee728b)  -> (artifact id: 'a48ff411afbc112e9e48fdd7caa1058e') in 0.013868 seconds 
  Import took 0.021448 seconds .

========================================================================
Received Import Request.
  Time since last request: 0.788160 seconds.
  path: Assets/Sprites/Environment/plant.png
  artifactKey: Guid(eb2cc4323e36c1646b30d86e73cdcba3) Importer(815301076,1909f56bfc062723c751e8b465ee728b)
Start importing Assets/Sprites/Environment/plant.png using Guid(eb2cc4323e36c1646b30d86e73cdcba3) Importer(815301076,1909f56bfc062723c751e8b465ee728b)  -> (artifact id: '154928bbb894f72098ae12f3c23ec678') in 0.015314 seconds 
  Import took 0.022346 seconds .

========================================================================
Received Import Request.
  Time since last request: 1.112143 seconds.
  path: Assets/Sprites/Environment/painting1.png
  artifactKey: Guid(d59267f4570c8c44ca4975429c89db6d) Importer(815301076,1909f56bfc062723c751e8b465ee728b)
Start importing Assets/Sprites/Environment/painting1.png using Guid(d59267f4570c8c44ca4975429c89db6d) Importer(815301076,1909f56bfc062723c751e8b465ee728b)  -> (artifact id: 'decfa1041cd6ff4f06b3c5370ac14521') in 0.019222 seconds 
  Import took 0.025174 seconds .

========================================================================
Received Import Request.
  Time since last request: 0.444802 seconds.
  path: Assets/Sprites/Environment/officedivider.png
  artifactKey: Guid(201de30a81782a14282c4da92ebeac08) Importer(815301076,1909f56bfc062723c751e8b465ee728b)
Start importing Assets/Sprites/Environment/officedivider.png using Guid(201de30a81782a14282c4da92ebeac08) Importer(815301076,1909f56bfc062723c751e8b465ee728b)  -> (artifact id: '1b5a8d9520811b3fd16ef1829dab0cef') in 0.048175 seconds 
  Import took 0.070269 seconds .

========================================================================
Received Import Request.
  Time since last request: 13.961485 seconds.
  path: Assets/Sprites/Environment/desk1.png
  artifactKey: Guid(5c7a7cddb7a93684ea16838ba054d5cb) Importer(815301076,1909f56bfc062723c751e8b465ee728b)
Start importing Assets/Sprites/Environment/desk1.png using Guid(5c7a7cddb7a93684ea16838ba054d5cb) Importer(815301076,1909f56bfc062723c751e8b465ee728b)  -> (artifact id: '6060f461399e28d634bb597b3c576aae') in 0.028941 seconds 
  Import took 0.036831 seconds .

========================================================================
Received Import Request.
  Time since last request: 17.899403 seconds.
  path: Assets/Sprites/Environment/desk2.png
  artifactKey: Guid(fd53d5e74b7fe914e980297bbeaebbfa) Importer(815301076,1909f56bfc062723c751e8b465ee728b)
Start importing Assets/Sprites/Environment/desk2.png using Guid(fd53d5e74b7fe914e980297bbeaebbfa) Importer(815301076,1909f56bfc062723c751e8b465ee728b)  -> (artifact id: 'f7e09374c62f9d8776f8dc37845173bb') in 0.023154 seconds 
  Import took 0.030627 seconds .

========================================================================
Received Import Request.
  Time since last request: 5.056786 seconds.
  path: Assets/Sprites/Environment/desk2.png
  artifactKey: Guid(fd53d5e74b7fe914e980297bbeaebbfa) Importer(815301076,1909f56bfc062723c751e8b465ee728b)
Start importing Assets/Sprites/Environment/desk2.png using Guid(fd53d5e74b7fe914e980297bbeaebbfa) Importer(815301076,1909f56bfc062723c751e8b465ee728b)  -> (artifact id: '5e34b64d3bfd77b493d7bdafe85e78ef') in 0.021422 seconds 
  Import took 0.029367 seconds .

========================================================================
Received Import Request.
  Time since last request: 12.698081 seconds.
  path: Assets/Sprites/Environment/desk2.png
  artifactKey: Guid(fd53d5e74b7fe914e980297bbeaebbfa) Importer(815301076,1909f56bfc062723c751e8b465ee728b)
Start importing Assets/Sprites/Environment/desk2.png using Guid(fd53d5e74b7fe914e980297bbeaebbfa) Importer(815301076,1909f56bfc062723c751e8b465ee728b)  -> (artifact id: '6c80efbc17b1a9d97aaab9a332c72e26') in 0.020860 seconds 
  Import took 0.027763 seconds .

========================================================================
Received Import Request.
  Time since last request: 5.752345 seconds.
  path: Assets/Sprites/Environment/desk2.png
  artifactKey: Guid(fd53d5e74b7fe914e980297bbeaebbfa) Importer(815301076,1909f56bfc062723c751e8b465ee728b)
Start importing Assets/Sprites/Environment/desk2.png using Guid(fd53d5e74b7fe914e980297bbeaebbfa) Importer(815301076,1909f56bfc062723c751e8b465ee728b)  -> (artifact id: '4b0239ad056cd09e2bcf8b8a05b52566') in 0.021301 seconds 
  Import took 0.050057 seconds .

========================================================================
Received Import Request.
  Time since last request: 4.053094 seconds.
  path: Assets/Sprites/Environment/desk2.png
  artifactKey: Guid(fd53d5e74b7fe914e980297bbeaebbfa) Importer(815301076,1909f56bfc062723c751e8b465ee728b)
Start importing Assets/Sprites/Environment/desk2.png using Guid(fd53d5e74b7fe914e980297bbeaebbfa) Importer(815301076,1909f56bfc062723c751e8b465ee728b)  -> (artifact id: 'f449bdb85f83c8c838247c0a41485e1a') in 0.021172 seconds 
  Import took 0.027951 seconds .

========================================================================
Received Import Request.
  Time since last request: 30.267322 seconds.
  path: Assets/Sprites/Environment/cofeemug.png
  artifactKey: Guid(5d28dd6bee8a8ff44b6999834acada9d) Importer(815301076,1909f56bfc062723c751e8b465ee728b)
Start importing Assets/Sprites/Environment/cofeemug.png using Guid(5d28dd6bee8a8ff44b6999834acada9d) Importer(815301076,1909f56bfc062723c751e8b465ee728b)  -> (artifact id: '387cacf79190fe73f1c23d93a73b2c46') in 0.031433 seconds 
  Import took 0.053804 seconds .

========================================================================
Received Import Request.
  Time since last request: 0.497045 seconds.
  path: Assets/Sprites/Environment/flask2.png
  artifactKey: Guid(e87f549e54a9b924d88bbdbb12fa16b3) Importer(815301076,1909f56bfc062723c751e8b465ee728b)
Start importing Assets/Sprites/Environment/flask2.png using Guid(e87f549e54a9b924d88bbdbb12fa16b3) Importer(815301076,1909f56bfc062723c751e8b465ee728b)  -> (artifact id: 'c5963197470d1ef35fc0211506f9082d') in 0.022588 seconds 
  Import took 0.029033 seconds .

========================================================================
Received Import Request.
  Time since last request: 0.140357 seconds.
  path: Assets/Sprites/Environment/kast3.png
  artifactKey: Guid(1501bddeba862d0449ea2b60e050112d) Importer(815301076,1909f56bfc062723c751e8b465ee728b)
Start importing Assets/Sprites/Environment/kast3.png using Guid(1501bddeba862d0449ea2b60e050112d) Importer(815301076,1909f56bfc062723c751e8b465ee728b)  -> (artifact id: '959a60dab2d310c2ac712a8cc4972f5c') in 0.015432 seconds 
  Import took 0.022419 seconds .

========================================================================
Received Import Request.
  Time since last request: 24.545999 seconds.
  path: Assets/Sprites/Environment/background.png
  artifactKey: Guid(84862de5e2defd344a1a7c198eeb57a8) Importer(815301076,1909f56bfc062723c751e8b465ee728b)
Start importing Assets/Sprites/Environment/background.png using Guid(84862de5e2defd344a1a7c198eeb57a8) Importer(815301076,1909f56bfc062723c751e8b465ee728b)  -> (artifact id: '7fa1ad9970e574f4be904f108f49b119') in 0.038253 seconds 
  Import took 0.046960 seconds .

========================================================================
Received Import Request.
  Time since last request: 1.399510 seconds.
  path: Assets/Sprites/Environment/windowssmall.png
  artifactKey: Guid(ccc6dd5cd15172c4cbd2132554b09798) Importer(815301076,1909f56bfc062723c751e8b465ee728b)
Start importing Assets/Sprites/Environment/windowssmall.png using Guid(ccc6dd5cd15172c4cbd2132554b09798) Importer(815301076,1909f56bfc062723c751e8b465ee728b)  -> (artifact id: '28289b213acee12beee7b26e64eebe68') in 0.021458 seconds 
  Import took 0.027569 seconds .

========================================================================
Received Import Request.
  Time since last request: 5.516500 seconds.
  path: Assets/Sprites/Environment/desk2.png
  artifactKey: Guid(fd53d5e74b7fe914e980297bbeaebbfa) Importer(815301076,1909f56bfc062723c751e8b465ee728b)
Start importing Assets/Sprites/Environment/desk2.png using Guid(fd53d5e74b7fe914e980297bbeaebbfa) Importer(815301076,1909f56bfc062723c751e8b465ee728b)  -> (artifact id: 'a51e290b86450059dfc23c19deac90d8') in 0.024986 seconds 
  Import took 0.034234 seconds .

========================================================================
Received Import Request.
  Time since last request: 4.330755 seconds.
  path: Assets/Sprites/Environment/desk2.png
  artifactKey: Guid(fd53d5e74b7fe914e980297bbeaebbfa) Importer(815301076,1909f56bfc062723c751e8b465ee728b)
Start importing Assets/Sprites/Environment/desk2.png using Guid(fd53d5e74b7fe914e980297bbeaebbfa) Importer(815301076,1909f56bfc062723c751e8b465ee728b)  -> (artifact id: 'b1e8ccd45f66b3f010ef8d32adfa9577') in 0.021859 seconds 
  Import took 0.029007 seconds .

========================================================================
Received Import Request.
  Time since last request: 13.015198 seconds.
  path: Assets/Sprites/Environment/officedivider.png
  artifactKey: Guid(201de30a81782a14282c4da92ebeac08) Importer(815301076,1909f56bfc062723c751e8b465ee728b)
Start importing Assets/Sprites/Environment/officedivider.png using Guid(201de30a81782a14282c4da92ebeac08) Importer(815301076,1909f56bfc062723c751e8b465ee728b)  -> (artifact id: '3db58b30c47d11e6736ce91efda26a09') in 0.015488 seconds 
  Import took 0.022621 seconds .

========================================================================
Received Import Request.
  Time since last request: 0.369393 seconds.
  path: Assets/Sprites/Environment/painting2.png
  artifactKey: Guid(c2c4b39764a3c3a4fb6cc4ce6662560f) Importer(815301076,1909f56bfc062723c751e8b465ee728b)
Start importing Assets/Sprites/Environment/painting2.png using Guid(c2c4b39764a3c3a4fb6cc4ce6662560f) Importer(815301076,1909f56bfc062723c751e8b465ee728b)  -> (artifact id: '7d5587bdea6ac1bf62ae83feda952467') in 0.017160 seconds 
  Import took 0.024157 seconds .

========================================================================
Received Import Request.
  Time since last request: 0.379026 seconds.
  path: Assets/Sprites/Environment/plant.png
  artifactKey: Guid(eb2cc4323e36c1646b30d86e73cdcba3) Importer(815301076,1909f56bfc062723c751e8b465ee728b)
Start importing Assets/Sprites/Environment/plant.png using Guid(eb2cc4323e36c1646b30d86e73cdcba3) Importer(815301076,1909f56bfc062723c751e8b465ee728b)  -> (artifact id: '36342956a33e74a7ed99e835c28b4f0b') in 0.017695 seconds 
  Import took 0.023643 seconds .

========================================================================
Received Import Request.
  Time since last request: 0.405751 seconds.
  path: Assets/Sprites/Environment/kast2.png
  artifactKey: Guid(2626081bec4276d4bbc040d178c0b4df) Importer(815301076,1909f56bfc062723c751e8b465ee728b)
Start importing Assets/Sprites/Environment/kast2.png using Guid(2626081bec4276d4bbc040d178c0b4df) Importer(815301076,1909f56bfc062723c751e8b465ee728b)  -> (artifact id: '5d968500d5b087e663c2f159c60f160b') in 0.025122 seconds 
  Import took 0.031501 seconds .

========================================================================
Received Import Request.
  Time since last request: 11.609178 seconds.
  path: Assets/Sprites/Environment/desk1.png
  artifactKey: Guid(5c7a7cddb7a93684ea16838ba054d5cb) Importer(815301076,1909f56bfc062723c751e8b465ee728b)
Start importing Assets/Sprites/Environment/desk1.png using Guid(5c7a7cddb7a93684ea16838ba054d5cb) Importer(815301076,1909f56bfc062723c751e8b465ee728b)  -> (artifact id: '9c20b32acf071086ae7fa71abd690a07') in 0.023510 seconds 
  Import took 0.030208 seconds .

========================================================================
Received Import Request.
  Time since last request: 4.205061 seconds.
  path: Assets/Sprites/Environment/desk3.png
  artifactKey: Guid(d9f1872cd80e1cd43b0e0033f63c7631) Importer(815301076,1909f56bfc062723c751e8b465ee728b)
Start importing Assets/Sprites/Environment/desk3.png using Guid(d9f1872cd80e1cd43b0e0033f63c7631) Importer(815301076,1909f56bfc062723c751e8b465ee728b)  -> (artifact id: '86fc24cef95e91905dbcc39bca605805') in 0.024785 seconds 
  Import took 0.030711 seconds .

========================================================================
Received Import Request.
  Time since last request: 2.476622 seconds.
  path: Assets/Sprites/Environment/flask2.png
  artifactKey: Guid(e87f549e54a9b924d88bbdbb12fa16b3) Importer(815301076,1909f56bfc062723c751e8b465ee728b)
Start importing Assets/Sprites/Environment/flask2.png using Guid(e87f549e54a9b924d88bbdbb12fa16b3) Importer(815301076,1909f56bfc062723c751e8b465ee728b)  -> (artifact id: '504e08f6c58a4d10ba4e6eb61c6cb496') in 0.029853 seconds 
  Import took 0.036961 seconds .

========================================================================
Received Import Request.
  Time since last request: 1.814267 seconds.
  path: Assets/Sprites/Environment/painting1.png
  artifactKey: Guid(d59267f4570c8c44ca4975429c89db6d) Importer(815301076,1909f56bfc062723c751e8b465ee728b)
Start importing Assets/Sprites/Environment/painting1.png using Guid(d59267f4570c8c44ca4975429c89db6d) Importer(815301076,1909f56bfc062723c751e8b465ee728b)  -> (artifact id: 'f9bd52ac4e7828f377d10afcdd12f3cf') in 0.015087 seconds 
  Import took 0.142623 seconds .

========================================================================
Received Import Request.
  Time since last request: 0.348282 seconds.
  path: Assets/Sprites/Environment/shelf.png
  artifactKey: Guid(ff40902aaa696d94ca750013539d15f2) Importer(815301076,1909f56bfc062723c751e8b465ee728b)
Start importing Assets/Sprites/Environment/shelf.png using Guid(ff40902aaa696d94ca750013539d15f2) Importer(815301076,1909f56bfc062723c751e8b465ee728b)  -> (artifact id: 'd90bc9f8ab8858acccc5a5d7e6a5768f') in 0.013235 seconds 
  Import took 0.020309 seconds .

========================================================================
Received Import Request.
  Time since last request: 42.807838 seconds.
  path: Assets/Sprites/Environment/background.png
  artifactKey: Guid(84862de5e2defd344a1a7c198eeb57a8) Importer(815301076,1909f56bfc062723c751e8b465ee728b)
Start importing Assets/Sprites/Environment/background.png using Guid(84862de5e2defd344a1a7c198eeb57a8) Importer(815301076,1909f56bfc062723c751e8b465ee728b)  -> (artifact id: '461d103b3d6c0288a8dd57a070d12735') in 0.037098 seconds 
  Import took 0.044626 seconds .

========================================================================
Received Import Request.
  Time since last request: 34.059568 seconds.
  path: Assets/Sprites/Environment/background.png
  artifactKey: Guid(84862de5e2defd344a1a7c198eeb57a8) Importer(815301076,1909f56bfc062723c751e8b465ee728b)
Start importing Assets/Sprites/Environment/background.png using Guid(84862de5e2defd344a1a7c198eeb57a8) Importer(815301076,1909f56bfc062723c751e8b465ee728b)  -> (artifact id: 'ba17581accfd268dfa616aafb9dd2c65') in 0.044873 seconds 
  Import took 0.052803 seconds .

========================================================================
Received Import Request.
  Time since last request: 7.380219 seconds.
  path: Assets/Sprites/Environment/background.png
  artifactKey: Guid(84862de5e2defd344a1a7c198eeb57a8) Importer(815301076,1909f56bfc062723c751e8b465ee728b)
Start importing Assets/Sprites/Environment/background.png using Guid(84862de5e2defd344a1a7c198eeb57a8) Importer(815301076,1909f56bfc062723c751e8b465ee728b)  -> (artifact id: '62f67ccecc8106caab26533fdd80611a') in 0.032194 seconds 
  Import took 0.039453 seconds .

========================================================================
Received Import Request.
  Time since last request: 97.004672 seconds.
  path: Assets/Sprites/Environment/calender.png
  artifactKey: Guid(606ad9c3b8b906d44b1e477843e499f3) Importer(815301076,1909f56bfc062723c751e8b465ee728b)
Start importing Assets/Sprites/Environment/calender.png using Guid(606ad9c3b8b906d44b1e477843e499f3) Importer(815301076,1909f56bfc062723c751e8b465ee728b)  -> (artifact id: 'e9638767eca08b9e5b546d29e2e70edf') in 0.015210 seconds 
  Import took 0.022349 seconds .

========================================================================
Received Prepare
Registering precompiled user dll's ...
Registered in 0.007550 seconds.
Begin MonoManager ReloadAssembly
Native extension for WindowsStandalone target not found
Refreshing native plugins compatible for Editor in 1.99 ms, found 3 plugins.
Preloading 0 native plugins for Editor in 0.00 ms.
Mono: successfully reloaded assembly
- Completed reload, in  1.393 seconds
Domain Reload Profiling:
	ReloadAssembly (1394ms)
		BeginReloadAssembly (158ms)
			ExecutionOrderSort (0ms)
			DisableScriptedObjects (8ms)
			BackupInstance (0ms)
			ReleaseScriptingObjects (0ms)
			CreateAndSetChildDomain (53ms)
		EndReloadAssembly (1175ms)
			LoadAssemblies (129ms)
			RebuildTransferFunctionScriptingTraits (0ms)
			SetupTypeCache (425ms)
			ReleaseScriptCaches (2ms)
			RebuildScriptCaches (84ms)
			SetupLoadedEditorAssemblies (356ms)
				LogAssemblyErrors (0ms)
				InitializePlatformSupportModulesInManaged (4ms)
				SetLoadedEditorAssemblies (0ms)
				RefreshPlugins (2ms)
				BeforeProcessingInitializeOnLoad (121ms)
				ProcessInitializeOnLoadAttributes (215ms)
				ProcessInitializeOnLoadMethodAttributes (12ms)
				AfterProcessingInitializeOnLoad (2ms)
				EditorAssembliesLoaded (0ms)
			ExecutionOrderSort2 (0ms)
			AwakeInstancesAfterBackupRestoration (12ms)
Platform modules already initialized, skipping
Refreshing native plugins compatible for Editor in 0.93 ms, found 3 plugins.
Preloading 0 native plugins for Editor in 0.00 ms.
Unloading 3431 Unused Serialized files (Serialized files now loaded: 0)
System memory in use before: 146.6 MB.
System memory in use after: 146.9 MB.

Unloading 29 unused Assets to reduce memory usage. Loaded Objects now: 4023.
Total: 4.419900 ms (FindLiveObjects: 0.421900 ms CreateObjectMapping: 0.217400 ms MarkObjects: 3.738300 ms  DeleteObjects: 0.040400 ms)

AssetImportParameters requested are different than current active one (requested -> active):
  custom:framework-win-MediaFoundation: 216162199b28c13a410421893ffa2e32 -> 
  custom:video-decoder-ogg-theora: a1e56fd34408186e4bbccfd4996cb3dc -> 
  custom:container-muxer-webm: aa71ff27fc2769a1b78a27578f13a17b -> 
  custom:container-demuxer-webm: 4f35f7cbe854078d1ac9338744f61a02 -> 
  custom:container-demuxer-ogg: 62fdf1f143b41e24485cea50d1cbac27 -> 
  custom:video-encoder-webm-vp8: eb34c28f22e8b96e1ab97ce403110664 -> 
  custom:video-codec-MediaFoundation-h265: 746d11721c4dcdbdad8f713fa42b33f4 -> 
  custom:video-decoder-webm-vp8: 9c59270c3fd7afecdb556c50c9e8de78 -> 
  custom:audio-decoder-ogg-vorbis: bf7c407c2cedff20999df2af8eb42d56 -> 
  custom:audio-encoder-webm-vorbis: bf7c407c2cedff20999df2af8eb42d56 -> 
========================================================================
Received Prepare
Registering precompiled user dll's ...
Registered in 0.009423 seconds.
Begin MonoManager ReloadAssembly
Native extension for WindowsStandalone target not found
Refreshing native plugins compatible for Editor in 0.69 ms, found 3 plugins.
Preloading 0 native plugins for Editor in 0.00 ms.
Mono: successfully reloaded assembly
- Completed reload, in  1.270 seconds
Domain Reload Profiling:
	ReloadAssembly (1270ms)
		BeginReloadAssembly (134ms)
			ExecutionOrderSort (0ms)
			DisableScriptedObjects (6ms)
			BackupInstance (0ms)
			ReleaseScriptingObjects (0ms)
			CreateAndSetChildDomain (41ms)
		EndReloadAssembly (1075ms)
			LoadAssemblies (132ms)
			RebuildTransferFunctionScriptingTraits (0ms)
			SetupTypeCache (397ms)
			ReleaseScriptCaches (2ms)
			RebuildScriptCaches (68ms)
			SetupLoadedEditorAssemblies (358ms)
				LogAssemblyErrors (0ms)
				InitializePlatformSupportModulesInManaged (4ms)
				SetLoadedEditorAssemblies (0ms)
				RefreshPlugins (1ms)
				BeforeProcessingInitializeOnLoad (104ms)
				ProcessInitializeOnLoadAttributes (237ms)
				ProcessInitializeOnLoadMethodAttributes (10ms)
				AfterProcessingInitializeOnLoad (2ms)
				EditorAssembliesLoaded (0ms)
			ExecutionOrderSort2 (0ms)
			AwakeInstancesAfterBackupRestoration (12ms)
Platform modules already initialized, skipping
Refreshing native plugins compatible for Editor in 0.96 ms, found 3 plugins.
Preloading 0 native plugins for Editor in 0.00 ms.
Unloading 3431 Unused Serialized files (Serialized files now loaded: 0)
System memory in use before: 146.7 MB.
System memory in use after: 146.9 MB.

Unloading 29 unused Assets to reduce memory usage. Loaded Objects now: 4025.
Total: 6.143900 ms (FindLiveObjects: 0.522300 ms CreateObjectMapping: 0.224200 ms MarkObjects: 5.356100 ms  DeleteObjects: 0.040400 ms)

AssetImportParameters requested are different than current active one (requested -> active):
  custom:framework-win-MediaFoundation: 216162199b28c13a410421893ffa2e32 -> 
  custom:video-decoder-ogg-theora: a1e56fd34408186e4bbccfd4996cb3dc -> 
  custom:container-muxer-webm: aa71ff27fc2769a1b78a27578f13a17b -> 
  custom:container-demuxer-webm: 4f35f7cbe854078d1ac9338744f61a02 -> 
  custom:container-demuxer-ogg: 62fdf1f143b41e24485cea50d1cbac27 -> 
  custom:video-encoder-webm-vp8: eb34c28f22e8b96e1ab97ce403110664 -> 
  custom:video-codec-MediaFoundation-h265: 746d11721c4dcdbdad8f713fa42b33f4 -> 
  custom:video-decoder-webm-vp8: 9c59270c3fd7afecdb556c50c9e8de78 -> 
  custom:audio-decoder-ogg-vorbis: bf7c407c2cedff20999df2af8eb42d56 -> 
  custom:audio-encoder-webm-vorbis: bf7c407c2cedff20999df2af8eb42d56 -> 
========================================================================
Received Import Request.
  Time since last request: 191.291399 seconds.
  path: Assets/Sprites/Environment/vase.png
  artifactKey: Guid(f693ba19bab38b94c9c891426b2dc556) Importer(815301076,1909f56bfc062723c751e8b465ee728b)
Start importing Assets/Sprites/Environment/vase.png using Guid(f693ba19bab38b94c9c891426b2dc556) Importer(815301076,1909f56bfc062723c751e8b465ee728b)  -> (artifact id: 'ce4c061d10def41868538630727c8b6e') in 0.066077 seconds 
  Import took 0.072527 seconds .

========================================================================
Received Import Request.
  Time since last request: 0.272880 seconds.
  path: Assets/Sprites/Environment/windowsbig.png
  artifactKey: Guid(c1ab062fda5be4f4f8ee72a574218ce9) Importer(815301076,1909f56bfc062723c751e8b465ee728b)
Start importing Assets/Sprites/Environment/windowsbig.png using Guid(c1ab062fda5be4f4f8ee72a574218ce9) Importer(815301076,1909f56bfc062723c751e8b465ee728b)  -> (artifact id: 'a9f333bcd93cb02e010f946dde5bc301') in 0.092459 seconds 
  Import took 0.098958 seconds .

========================================================================
Received Prepare
Registering precompiled user dll's ...
Registered in 0.008018 seconds.
Begin MonoManager ReloadAssembly
Native extension for WindowsStandalone target not found
Refreshing native plugins compatible for Editor in 0.69 ms, found 3 plugins.
Preloading 0 native plugins for Editor in 0.00 ms.
Mono: successfully reloaded assembly
- Completed reload, in  1.155 seconds
Domain Reload Profiling:
	ReloadAssembly (1155ms)
		BeginReloadAssembly (133ms)
			ExecutionOrderSort (0ms)
			DisableScriptedObjects (5ms)
			BackupInstance (0ms)
			ReleaseScriptingObjects (0ms)
			CreateAndSetChildDomain (42ms)
		EndReloadAssembly (969ms)
			LoadAssemblies (113ms)
			RebuildTransferFunctionScriptingTraits (0ms)
			SetupTypeCache (368ms)
			ReleaseScriptCaches (1ms)
			RebuildScriptCaches (50ms)
			SetupLoadedEditorAssemblies (328ms)
				LogAssemblyErrors (0ms)
				InitializePlatformSupportModulesInManaged (4ms)
				SetLoadedEditorAssemblies (0ms)
				RefreshPlugins (1ms)
				BeforeProcessingInitializeOnLoad (100ms)
				ProcessInitializeOnLoadAttributes (210ms)
				ProcessInitializeOnLoadMethodAttributes (11ms)
				AfterProcessingInitializeOnLoad (2ms)
				EditorAssembliesLoaded (0ms)
			ExecutionOrderSort2 (0ms)
			AwakeInstancesAfterBackupRestoration (11ms)
Platform modules already initialized, skipping
Refreshing native plugins compatible for Editor in 0.72 ms, found 3 plugins.
Preloading 0 native plugins for Editor in 0.00 ms.
Unloading 3431 Unused Serialized files (Serialized files now loaded: 0)
System memory in use before: 146.7 MB.
System memory in use after: 147.0 MB.

Unloading 29 unused Assets to reduce memory usage. Loaded Objects now: 4030.
Total: 4.521600 ms (FindLiveObjects: 0.339100 ms CreateObjectMapping: 0.268500 ms MarkObjects: 3.870800 ms  DeleteObjects: 0.042000 ms)

AssetImportParameters requested are different than current active one (requested -> active):
  custom:framework-win-MediaFoundation: 216162199b28c13a410421893ffa2e32 -> 
  custom:video-decoder-ogg-theora: a1e56fd34408186e4bbccfd4996cb3dc -> 
  custom:container-muxer-webm: aa71ff27fc2769a1b78a27578f13a17b -> 
  custom:container-demuxer-webm: 4f35f7cbe854078d1ac9338744f61a02 -> 
  custom:container-demuxer-ogg: 62fdf1f143b41e24485cea50d1cbac27 -> 
  custom:video-encoder-webm-vp8: eb34c28f22e8b96e1ab97ce403110664 -> 
  custom:video-codec-MediaFoundation-h265: 746d11721c4dcdbdad8f713fa42b33f4 -> 
  custom:video-decoder-webm-vp8: 9c59270c3fd7afecdb556c50c9e8de78 -> 
  custom:audio-decoder-ogg-vorbis: bf7c407c2cedff20999df2af8eb42d56 -> 
  custom:audio-encoder-webm-vorbis: bf7c407c2cedff20999df2af8eb42d56 -> 
========================================================================
Received Import Request.
  Time since last request: 158.751054 seconds.
  path: Assets/Sprites/Environment/kast3.png
  artifactKey: Guid(1501bddeba862d0449ea2b60e050112d) Importer(815301076,1909f56bfc062723c751e8b465ee728b)
Start importing Assets/Sprites/Environment/kast3.png using Guid(1501bddeba862d0449ea2b60e050112d) Importer(815301076,1909f56bfc062723c751e8b465ee728b)  -> (artifact id: 'c2d0106294cc37abc638b50e8c7e541c') in 0.053371 seconds 
  Import took 0.060396 seconds .

========================================================================
Received Import Request.
  Time since last request: 2.715930 seconds.
  path: Assets/Sprites/Environment/flask1.png
  artifactKey: Guid(8d7dd468122dd5f47ade079050b3227c) Importer(815301076,1909f56bfc062723c751e8b465ee728b)
Start importing Assets/Sprites/Environment/flask1.png using Guid(8d7dd468122dd5f47ade079050b3227c) Importer(815301076,1909f56bfc062723c751e8b465ee728b)  -> (artifact id: 'd6d437efc9936901a17d9ebccd6585e0') in 0.020964 seconds 
  Import took 0.028388 seconds .

========================================================================
Received Import Request.
  Time since last request: 2.080013 seconds.
  path: Assets/Sprites/Environment/cofeemug.png
  artifactKey: Guid(5d28dd6bee8a8ff44b6999834acada9d) Importer(815301076,1909f56bfc062723c751e8b465ee728b)
Start importing Assets/Sprites/Environment/cofeemug.png using Guid(5d28dd6bee8a8ff44b6999834acada9d) Importer(815301076,1909f56bfc062723c751e8b465ee728b)  -> (artifact id: '93c8332617d46a53f641393d29f0b61a') in 0.015285 seconds 
  Import took 0.022647 seconds .

========================================================================
Received Import Request.
  Time since last request: 4.062185 seconds.
  path: Assets/Sprites/Environment/stairs.png
  artifactKey: Guid(9ac38b11e9ae483459068be9c61b4a29) Importer(815301076,1909f56bfc062723c751e8b465ee728b)
Start importing Assets/Sprites/Environment/stairs.png using Guid(9ac38b11e9ae483459068be9c61b4a29) Importer(815301076,1909f56bfc062723c751e8b465ee728b)  -> (artifact id: '87354538cc9f18f4a2303319b4ddc595') in 0.039858 seconds 
  Import took 0.047664 seconds .

========================================================================
Received Import Request.
  Time since last request: 1.331080 seconds.
  path: Assets/Sprites/Environment/painting3.png
  artifactKey: Guid(6a2e09416e5a0274ca3f341284cf55b7) Importer(815301076,1909f56bfc062723c751e8b465ee728b)
Start importing Assets/Sprites/Environment/painting3.png using Guid(6a2e09416e5a0274ca3f341284cf55b7) Importer(815301076,1909f56bfc062723c751e8b465ee728b)  -> (artifact id: '9b18fb3fb24df53c03909c2b0b6b8d59') in 0.024285 seconds 
  Import took 0.031044 seconds .

========================================================================
Received Import Request.
  Time since last request: 150.057139 seconds.
  path: Assets/Sprites/Environment/desk4.png
  artifactKey: Guid(345da26e2d09a664996d9eaddd82c311) Importer(815301076,1909f56bfc062723c751e8b465ee728b)
Start importing Assets/Sprites/Environment/desk4.png using Guid(345da26e2d09a664996d9eaddd82c311) Importer(815301076,1909f56bfc062723c751e8b465ee728b)  -> (artifact id: 'c5fe4aa23cac83cbe7ad77995567e319') in 0.029792 seconds 
  Import took 0.036656 seconds .

========================================================================
Received Prepare
Registering precompiled user dll's ...
Registered in 0.007322 seconds.
Begin MonoManager ReloadAssembly
Native extension for WindowsStandalone target not found
Refreshing native plugins compatible for Editor in 1.25 ms, found 3 plugins.
Preloading 0 native plugins for Editor in 0.00 ms.
Mono: successfully reloaded assembly
- Completed reload, in  1.235 seconds
Domain Reload Profiling:
	ReloadAssembly (1235ms)
		BeginReloadAssembly (143ms)
			ExecutionOrderSort (0ms)
			DisableScriptedObjects (7ms)
			BackupInstance (0ms)
			ReleaseScriptingObjects (0ms)
			CreateAndSetChildDomain (48ms)
		EndReloadAssembly (1038ms)
			LoadAssemblies (120ms)
			RebuildTransferFunctionScriptingTraits (0ms)
			SetupTypeCache (401ms)
			ReleaseScriptCaches (2ms)
			RebuildScriptCaches (54ms)
			SetupLoadedEditorAssemblies (354ms)
				LogAssemblyErrors (0ms)
				InitializePlatformSupportModulesInManaged (4ms)
				SetLoadedEditorAssemblies (1ms)
				RefreshPlugins (1ms)
				BeforeProcessingInitializeOnLoad (111ms)
				ProcessInitializeOnLoadAttributes (223ms)
				ProcessInitializeOnLoadMethodAttributes (11ms)
				AfterProcessingInitializeOnLoad (2ms)
				EditorAssembliesLoaded (0ms)
			ExecutionOrderSort2 (0ms)
			AwakeInstancesAfterBackupRestoration (11ms)
Platform modules already initialized, skipping
Refreshing native plugins compatible for Editor in 1.13 ms, found 3 plugins.
Preloading 0 native plugins for Editor in 0.00 ms.
Unloading 3431 Unused Serialized files (Serialized files now loaded: 0)
System memory in use before: 146.8 MB.
System memory in use after: 147.0 MB.

Unloading 29 unused Assets to reduce memory usage. Loaded Objects now: 4035.
Total: 4.529200 ms (FindLiveObjects: 0.523400 ms CreateObjectMapping: 0.302700 ms MarkObjects: 3.641900 ms  DeleteObjects: 0.059900 ms)

AssetImportParameters requested are different than current active one (requested -> active):
  custom:framework-win-MediaFoundation: 216162199b28c13a410421893ffa2e32 -> 
  custom:video-decoder-ogg-theora: a1e56fd34408186e4bbccfd4996cb3dc -> 
  custom:container-muxer-webm: aa71ff27fc2769a1b78a27578f13a17b -> 
  custom:container-demuxer-webm: 4f35f7cbe854078d1ac9338744f61a02 -> 
  custom:container-demuxer-ogg: 62fdf1f143b41e24485cea50d1cbac27 -> 
  custom:video-encoder-webm-vp8: eb34c28f22e8b96e1ab97ce403110664 -> 
  custom:video-codec-MediaFoundation-h265: 746d11721c4dcdbdad8f713fa42b33f4 -> 
  custom:video-decoder-webm-vp8: 9c59270c3fd7afecdb556c50c9e8de78 -> 
  custom:audio-decoder-ogg-vorbis: bf7c407c2cedff20999df2af8eb42d56 -> 
  custom:audio-encoder-webm-vorbis: bf7c407c2cedff20999df2af8eb42d56 -> 
========================================================================
Received Prepare
Registering precompiled user dll's ...
Registered in 0.007720 seconds.
Begin MonoManager ReloadAssembly
Native extension for WindowsStandalone target not found
Refreshing native plugins compatible for Editor in 0.74 ms, found 3 plugins.
Preloading 0 native plugins for Editor in 0.00 ms.
Mono: successfully reloaded assembly
- Completed reload, in  1.127 seconds
Domain Reload Profiling:
	ReloadAssembly (1127ms)
		BeginReloadAssembly (122ms)
			ExecutionOrderSort (0ms)
			DisableScriptedObjects (6ms)
			BackupInstance (0ms)
			ReleaseScriptingObjects (0ms)
			CreateAndSetChildDomain (38ms)
		EndReloadAssembly (951ms)
			LoadAssemblies (111ms)
			RebuildTransferFunctionScriptingTraits (0ms)
			SetupTypeCache (360ms)
			ReleaseScriptCaches (1ms)
			RebuildScriptCaches (50ms)
			SetupLoadedEditorAssemblies (325ms)
				LogAssemblyErrors (0ms)
				InitializePlatformSupportModulesInManaged (4ms)
				SetLoadedEditorAssemblies (0ms)
				RefreshPlugins (1ms)
				BeforeProcessingInitializeOnLoad (100ms)
				ProcessInitializeOnLoadAttributes (207ms)
				ProcessInitializeOnLoadMethodAttributes (10ms)
				AfterProcessingInitializeOnLoad (2ms)
				EditorAssembliesLoaded (0ms)
			ExecutionOrderSort2 (0ms)
			AwakeInstancesAfterBackupRestoration (11ms)
Platform modules already initialized, skipping
Refreshing native plugins compatible for Editor in 0.70 ms, found 3 plugins.
Preloading 0 native plugins for Editor in 0.00 ms.
Unloading 3431 Unused Serialized files (Serialized files now loaded: 0)
System memory in use before: 146.8 MB.
System memory in use after: 147.0 MB.

Unloading 29 unused Assets to reduce memory usage. Loaded Objects now: 4037.
Total: 4.168000 ms (FindLiveObjects: 0.371900 ms CreateObjectMapping: 0.147500 ms MarkObjects: 3.588400 ms  DeleteObjects: 0.059200 ms)

AssetImportParameters requested are different than current active one (requested -> active):
  custom:framework-win-MediaFoundation: 216162199b28c13a410421893ffa2e32 -> 
  custom:video-decoder-ogg-theora: a1e56fd34408186e4bbccfd4996cb3dc -> 
  custom:container-muxer-webm: aa71ff27fc2769a1b78a27578f13a17b -> 
  custom:container-demuxer-webm: 4f35f7cbe854078d1ac9338744f61a02 -> 
  custom:container-demuxer-ogg: 62fdf1f143b41e24485cea50d1cbac27 -> 
  custom:video-encoder-webm-vp8: eb34c28f22e8b96e1ab97ce403110664 -> 
  custom:video-codec-MediaFoundation-h265: 746d11721c4dcdbdad8f713fa42b33f4 -> 
  custom:video-decoder-webm-vp8: 9c59270c3fd7afecdb556c50c9e8de78 -> 
  custom:audio-decoder-ogg-vorbis: bf7c407c2cedff20999df2af8eb42d56 -> 
  custom:audio-encoder-webm-vorbis: bf7c407c2cedff20999df2af8eb42d56 -> 
========================================================================
Received Import Request.
  Time since last request: 350.767073 seconds.
  path: Assets/Sprites/Environment/kast1.png
  artifactKey: Guid(8d897173558a1944f9af5eeb52da2dc5) Importer(815301076,1909f56bfc062723c751e8b465ee728b)
Start importing Assets/Sprites/Environment/kast1.png using Guid(8d897173558a1944f9af5eeb52da2dc5) Importer(815301076,1909f56bfc062723c751e8b465ee728b)  -> (artifact id: 'b9f679f5317811c34ff79e2c2a8ee68e') in 0.066225 seconds 
  Import took 0.072983 seconds .

========================================================================
Received Prepare
Registering precompiled user dll's ...
Registered in 0.010066 seconds.
Begin MonoManager ReloadAssembly
Native extension for WindowsStandalone target not found
Refreshing native plugins compatible for Editor in 0.75 ms, found 3 plugins.
Preloading 0 native plugins for Editor in 0.00 ms.
Mono: successfully reloaded assembly
- Completed reload, in  1.211 seconds
Domain Reload Profiling:
	ReloadAssembly (1211ms)
		BeginReloadAssembly (123ms)
			ExecutionOrderSort (0ms)
			DisableScriptedObjects (6ms)
			BackupInstance (0ms)
			ReleaseScriptingObjects (0ms)
			CreateAndSetChildDomain (44ms)
		EndReloadAssembly (1030ms)
			LoadAssemblies (116ms)
			RebuildTransferFunctionScriptingTraits (0ms)
			SetupTypeCache (394ms)
			ReleaseScriptCaches (2ms)
			RebuildScriptCaches (52ms)
			SetupLoadedEditorAssemblies (343ms)
				LogAssemblyErrors (0ms)
				InitializePlatformSupportModulesInManaged (4ms)
				SetLoadedEditorAssemblies (0ms)
				RefreshPlugins (1ms)
				BeforeProcessingInitializeOnLoad (105ms)
				ProcessInitializeOnLoadAttributes (218ms)
				ProcessInitializeOnLoadMethodAttributes (12ms)
				AfterProcessingInitializeOnLoad (2ms)
				EditorAssembliesLoaded (0ms)
			ExecutionOrderSort2 (0ms)
			AwakeInstancesAfterBackupRestoration (12ms)
Platform modules already initialized, skipping
Refreshing native plugins compatible for Editor in 0.93 ms, found 3 plugins.
Preloading 0 native plugins for Editor in 0.00 ms.
Unloading 3431 Unused Serialized files (Serialized files now loaded: 0)
System memory in use before: 146.8 MB.
System memory in use after: 147.0 MB.

Unloading 29 unused Assets to reduce memory usage. Loaded Objects now: 4040.
Total: 5.215900 ms (FindLiveObjects: 0.346500 ms CreateObjectMapping: 0.177200 ms MarkObjects: 4.651400 ms  DeleteObjects: 0.039200 ms)

AssetImportParameters requested are different than current active one (requested -> active):
  custom:framework-win-MediaFoundation: 216162199b28c13a410421893ffa2e32 -> 
  custom:video-decoder-ogg-theora: a1e56fd34408186e4bbccfd4996cb3dc -> 
  custom:container-muxer-webm: aa71ff27fc2769a1b78a27578f13a17b -> 
  custom:container-demuxer-webm: 4f35f7cbe854078d1ac9338744f61a02 -> 
  custom:container-demuxer-ogg: 62fdf1f143b41e24485cea50d1cbac27 -> 
  custom:video-encoder-webm-vp8: eb34c28f22e8b96e1ab97ce403110664 -> 
  custom:video-codec-MediaFoundation-h265: 746d11721c4dcdbdad8f713fa42b33f4 -> 
  custom:video-decoder-webm-vp8: 9c59270c3fd7afecdb556c50c9e8de78 -> 
  custom:audio-decoder-ogg-vorbis: bf7c407c2cedff20999df2af8eb42d56 -> 
  custom:audio-encoder-webm-vorbis: bf7c407c2cedff20999df2af8eb42d56 -> 
========================================================================
Received Prepare
Registering precompiled user dll's ...
Registered in 0.007521 seconds.
Begin MonoManager ReloadAssembly
Native extension for WindowsStandalone target not found
Refreshing native plugins compatible for Editor in 0.90 ms, found 3 plugins.
Preloading 0 native plugins for Editor in 0.00 ms.
Mono: successfully reloaded assembly
- Completed reload, in  1.139 seconds
Domain Reload Profiling:
	ReloadAssembly (1140ms)
		BeginReloadAssembly (134ms)
			ExecutionOrderSort (0ms)
			DisableScriptedObjects (6ms)
			BackupInstance (0ms)
			ReleaseScriptingObjects (0ms)
			CreateAndSetChildDomain (41ms)
		EndReloadAssembly (948ms)
			LoadAssemblies (117ms)
			RebuildTransferFunctionScriptingTraits (0ms)
			SetupTypeCache (355ms)
			ReleaseScriptCaches (2ms)
			RebuildScriptCaches (48ms)
			SetupLoadedEditorAssemblies (323ms)
				LogAssemblyErrors (0ms)
				InitializePlatformSupportModulesInManaged (4ms)
				SetLoadedEditorAssemblies (0ms)
				RefreshPlugins (1ms)
				BeforeProcessingInitializeOnLoad (99ms)
				ProcessInitializeOnLoadAttributes (206ms)
				ProcessInitializeOnLoadMethodAttributes (10ms)
				AfterProcessingInitializeOnLoad (3ms)
				EditorAssembliesLoaded (0ms)
			ExecutionOrderSort2 (0ms)
			AwakeInstancesAfterBackupRestoration (12ms)
Platform modules already initialized, skipping
Refreshing native plugins compatible for Editor in 0.91 ms, found 3 plugins.
Preloading 0 native plugins for Editor in 0.00 ms.
Unloading 3431 Unused Serialized files (Serialized files now loaded: 0)
System memory in use before: 146.8 MB.
System memory in use after: 147.0 MB.

Unloading 29 unused Assets to reduce memory usage. Loaded Objects now: 4042.
Total: 5.284100 ms (FindLiveObjects: 0.561900 ms CreateObjectMapping: 0.289600 ms MarkObjects: 4.393700 ms  DeleteObjects: 0.037500 ms)

AssetImportParameters requested are different than current active one (requested -> active):
  custom:framework-win-MediaFoundation: 216162199b28c13a410421893ffa2e32 -> 
  custom:video-decoder-ogg-theora: a1e56fd34408186e4bbccfd4996cb3dc -> 
  custom:container-muxer-webm: aa71ff27fc2769a1b78a27578f13a17b -> 
  custom:container-demuxer-webm: 4f35f7cbe854078d1ac9338744f61a02 -> 
  custom:container-demuxer-ogg: 62fdf1f143b41e24485cea50d1cbac27 -> 
  custom:video-encoder-webm-vp8: eb34c28f22e8b96e1ab97ce403110664 -> 
  custom:video-codec-MediaFoundation-h265: 746d11721c4dcdbdad8f713fa42b33f4 -> 
  custom:video-decoder-webm-vp8: 9c59270c3fd7afecdb556c50c9e8de78 -> 
  custom:audio-decoder-ogg-vorbis: bf7c407c2cedff20999df2af8eb42d56 -> 
  custom:audio-encoder-webm-vorbis: bf7c407c2cedff20999df2af8eb42d56 -> 
========================================================================
Received Prepare
Registering precompiled user dll's ...
Registered in 0.007356 seconds.
Begin MonoManager ReloadAssembly
Native extension for WindowsStandalone target not found
Refreshing native plugins compatible for Editor in 0.75 ms, found 3 plugins.
Preloading 0 native plugins for Editor in 0.00 ms.
Mono: successfully reloaded assembly
- Completed reload, in  1.193 seconds
Domain Reload Profiling:
	ReloadAssembly (1194ms)
		BeginReloadAssembly (119ms)
			ExecutionOrderSort (0ms)
			DisableScriptedObjects (7ms)
			BackupInstance (0ms)
			ReleaseScriptingObjects (0ms)
			CreateAndSetChildDomain (39ms)
		EndReloadAssembly (1014ms)
			LoadAssemblies (118ms)
			RebuildTransferFunctionScriptingTraits (0ms)
			SetupTypeCache (400ms)
			ReleaseScriptCaches (2ms)
			RebuildScriptCaches (54ms)
			SetupLoadedEditorAssemblies (324ms)
				LogAssemblyErrors (0ms)
				InitializePlatformSupportModulesInManaged (4ms)
				SetLoadedEditorAssemblies (0ms)
				RefreshPlugins (1ms)
				BeforeProcessingInitializeOnLoad (102ms)
				ProcessInitializeOnLoadAttributes (205ms)
				ProcessInitializeOnLoadMethodAttributes (10ms)
				AfterProcessingInitializeOnLoad (2ms)
				EditorAssembliesLoaded (0ms)
			ExecutionOrderSort2 (0ms)
			AwakeInstancesAfterBackupRestoration (11ms)
Platform modules already initialized, skipping
Refreshing native plugins compatible for Editor in 0.77 ms, found 3 plugins.
Preloading 0 native plugins for Editor in 0.00 ms.
Unloading 3431 Unused Serialized files (Serialized files now loaded: 0)
System memory in use before: 146.8 MB.
System memory in use after: 147.1 MB.

Unloading 29 unused Assets to reduce memory usage. Loaded Objects now: 4044.
Total: 4.488900 ms (FindLiveObjects: 0.522500 ms CreateObjectMapping: 0.213000 ms MarkObjects: 3.728400 ms  DeleteObjects: 0.023600 ms)

AssetImportParameters requested are different than current active one (requested -> active):
  custom:framework-win-MediaFoundation: 216162199b28c13a410421893ffa2e32 -> 
  custom:video-decoder-ogg-theora: a1e56fd34408186e4bbccfd4996cb3dc -> 
  custom:container-muxer-webm: aa71ff27fc2769a1b78a27578f13a17b -> 
  custom:container-demuxer-webm: 4f35f7cbe854078d1ac9338744f61a02 -> 
  custom:container-demuxer-ogg: 62fdf1f143b41e24485cea50d1cbac27 -> 
  custom:video-encoder-webm-vp8: eb34c28f22e8b96e1ab97ce403110664 -> 
  custom:video-codec-MediaFoundation-h265: 746d11721c4dcdbdad8f713fa42b33f4 -> 
  custom:video-decoder-webm-vp8: 9c59270c3fd7afecdb556c50c9e8de78 -> 
  custom:audio-decoder-ogg-vorbis: bf7c407c2cedff20999df2af8eb42d56 -> 
  custom:audio-encoder-webm-vorbis: bf7c407c2cedff20999df2af8eb42d56 -> 
========================================================================
Received Prepare
Registering precompiled user dll's ...
Registered in 0.007530 seconds.
Begin MonoManager ReloadAssembly
Native extension for WindowsStandalone target not found
Refreshing native plugins compatible for Editor in 0.68 ms, found 3 plugins.
Preloading 0 native plugins for Editor in 0.00 ms.
Mono: successfully reloaded assembly
- Completed reload, in  1.121 seconds
Domain Reload Profiling:
	ReloadAssembly (1121ms)
		BeginReloadAssembly (127ms)
			ExecutionOrderSort (0ms)
			DisableScriptedObjects (6ms)
			BackupInstance (0ms)
			ReleaseScriptingObjects (0ms)
			CreateAndSetChildDomain (38ms)
		EndReloadAssembly (941ms)
			LoadAssemblies (111ms)
			RebuildTransferFunctionScriptingTraits (0ms)
			SetupTypeCache (347ms)
			ReleaseScriptCaches (2ms)
			RebuildScriptCaches (54ms)
			SetupLoadedEditorAssemblies (324ms)
				LogAssemblyErrors (0ms)
				InitializePlatformSupportModulesInManaged (3ms)
				SetLoadedEditorAssemblies (0ms)
				RefreshPlugins (1ms)
				BeforeProcessingInitializeOnLoad (99ms)
				ProcessInitializeOnLoadAttributes (207ms)
				ProcessInitializeOnLoadMethodAttributes (10ms)
				AfterProcessingInitializeOnLoad (2ms)
				EditorAssembliesLoaded (0ms)
			ExecutionOrderSort2 (0ms)
			AwakeInstancesAfterBackupRestoration (11ms)
Platform modules already initialized, skipping
Refreshing native plugins compatible for Editor in 0.73 ms, found 3 plugins.
Preloading 0 native plugins for Editor in 0.00 ms.
Unloading 3431 Unused Serialized files (Serialized files now loaded: 0)
System memory in use before: 146.8 MB.
System memory in use after: 147.1 MB.

Unloading 29 unused Assets to reduce memory usage. Loaded Objects now: 4046.
Total: 3.687900 ms (FindLiveObjects: 0.367200 ms CreateObjectMapping: 0.169900 ms MarkObjects: 3.103500 ms  DeleteObjects: 0.046300 ms)

AssetImportParameters requested are different than current active one (requested -> active):
  custom:framework-win-MediaFoundation: 216162199b28c13a410421893ffa2e32 -> 
  custom:video-decoder-ogg-theora: a1e56fd34408186e4bbccfd4996cb3dc -> 
  custom:container-muxer-webm: aa71ff27fc2769a1b78a27578f13a17b -> 
  custom:container-demuxer-webm: 4f35f7cbe854078d1ac9338744f61a02 -> 
  custom:container-demuxer-ogg: 62fdf1f143b41e24485cea50d1cbac27 -> 
  custom:video-encoder-webm-vp8: eb34c28f22e8b96e1ab97ce403110664 -> 
  custom:video-codec-MediaFoundation-h265: 746d11721c4dcdbdad8f713fa42b33f4 -> 
  custom:video-decoder-webm-vp8: 9c59270c3fd7afecdb556c50c9e8de78 -> 
  custom:audio-decoder-ogg-vorbis: bf7c407c2cedff20999df2af8eb42d56 -> 
  custom:audio-encoder-webm-vorbis: bf7c407c2cedff20999df2af8eb42d56 -> 
========================================================================
Received Prepare
Registering precompiled user dll's ...
Registered in 0.007966 seconds.
Begin MonoManager ReloadAssembly
Native extension for WindowsStandalone target not found
Refreshing native plugins compatible for Editor in 0.94 ms, found 3 plugins.
Preloading 0 native plugins for Editor in 0.00 ms.
Mono: successfully reloaded assembly
- Completed reload, in  1.300 seconds
Domain Reload Profiling:
	ReloadAssembly (1300ms)
		BeginReloadAssembly (140ms)
			ExecutionOrderSort (0ms)
			DisableScriptedObjects (7ms)
			BackupInstance (0ms)
			ReleaseScriptingObjects (0ms)
			CreateAndSetChildDomain (41ms)
		EndReloadAssembly (1101ms)
			LoadAssemblies (132ms)
			RebuildTransferFunctionScriptingTraits (0ms)
			SetupTypeCache (432ms)
			ReleaseScriptCaches (2ms)
			RebuildScriptCaches (65ms)
			SetupLoadedEditorAssemblies (356ms)
				LogAssemblyErrors (0ms)
				InitializePlatformSupportModulesInManaged (4ms)
				SetLoadedEditorAssemblies (1ms)
				RefreshPlugins (1ms)
				BeforeProcessingInitializeOnLoad (110ms)
				ProcessInitializeOnLoadAttributes (226ms)
				ProcessInitializeOnLoadMethodAttributes (12ms)
				AfterProcessingInitializeOnLoad (2ms)
				EditorAssembliesLoaded (0ms)
			ExecutionOrderSort2 (0ms)
			AwakeInstancesAfterBackupRestoration (12ms)
Platform modules already initialized, skipping
Refreshing native plugins compatible for Editor in 2.01 ms, found 3 plugins.
Preloading 0 native plugins for Editor in 0.00 ms.
Unloading 3431 Unused Serialized files (Serialized files now loaded: 0)
System memory in use before: 146.8 MB.
System memory in use after: 147.1 MB.

Unloading 29 unused Assets to reduce memory usage. Loaded Objects now: 4048.
Total: 5.608500 ms (FindLiveObjects: 0.479700 ms CreateObjectMapping: 0.415500 ms MarkObjects: 4.650300 ms  DeleteObjects: 0.061900 ms)

AssetImportParameters requested are different than current active one (requested -> active):
  custom:framework-win-MediaFoundation: 216162199b28c13a410421893ffa2e32 -> 
  custom:video-decoder-ogg-theora: a1e56fd34408186e4bbccfd4996cb3dc -> 
  custom:container-muxer-webm: aa71ff27fc2769a1b78a27578f13a17b -> 
  custom:container-demuxer-webm: 4f35f7cbe854078d1ac9338744f61a02 -> 
  custom:container-demuxer-ogg: 62fdf1f143b41e24485cea50d1cbac27 -> 
  custom:video-encoder-webm-vp8: eb34c28f22e8b96e1ab97ce403110664 -> 
  custom:video-codec-MediaFoundation-h265: 746d11721c4dcdbdad8f713fa42b33f4 -> 
  custom:video-decoder-webm-vp8: 9c59270c3fd7afecdb556c50c9e8de78 -> 
  custom:audio-decoder-ogg-vorbis: bf7c407c2cedff20999df2af8eb42d56 -> 
  custom:audio-encoder-webm-vorbis: bf7c407c2cedff20999df2af8eb42d56 -> 
========================================================================
Received Prepare
Registering precompiled user dll's ...
Registered in 0.007897 seconds.
Begin MonoManager ReloadAssembly
Native extension for WindowsStandalone target not found
Refreshing native plugins compatible for Editor in 0.79 ms, found 3 plugins.
Preloading 0 native plugins for Editor in 0.00 ms.
Mono: successfully reloaded assembly
- Completed reload, in  1.253 seconds
Domain Reload Profiling:
	ReloadAssembly (1254ms)
		BeginReloadAssembly (136ms)
			ExecutionOrderSort (0ms)
			DisableScriptedObjects (6ms)
			BackupInstance (0ms)
			ReleaseScriptingObjects (0ms)
			CreateAndSetChildDomain (40ms)
		EndReloadAssembly (1058ms)
			LoadAssemblies (134ms)
			RebuildTransferFunctionScriptingTraits (0ms)
			SetupTypeCache (405ms)
			ReleaseScriptCaches (2ms)
			RebuildScriptCaches (62ms)
			SetupLoadedEditorAssemblies (354ms)
				LogAssemblyErrors (0ms)
				InitializePlatformSupportModulesInManaged (5ms)
				SetLoadedEditorAssemblies (0ms)
				RefreshPlugins (1ms)
				BeforeProcessingInitializeOnLoad (109ms)
				ProcessInitializeOnLoadAttributes (226ms)
				ProcessInitializeOnLoadMethodAttributes (11ms)
				AfterProcessingInitializeOnLoad (2ms)
				EditorAssembliesLoaded (0ms)
			ExecutionOrderSort2 (0ms)
			AwakeInstancesAfterBackupRestoration (12ms)
Platform modules already initialized, skipping
Refreshing native plugins compatible for Editor in 0.75 ms, found 3 plugins.
Preloading 0 native plugins for Editor in 0.00 ms.
Unloading 3431 Unused Serialized files (Serialized files now loaded: 0)
System memory in use before: 146.8 MB.
System memory in use after: 147.1 MB.

Unloading 29 unused Assets to reduce memory usage. Loaded Objects now: 4050.
Total: 5.077200 ms (FindLiveObjects: 0.455800 ms CreateObjectMapping: 0.254600 ms MarkObjects: 4.329400 ms  DeleteObjects: 0.036100 ms)

AssetImportParameters requested are different than current active one (requested -> active):
  custom:framework-win-MediaFoundation: 216162199b28c13a410421893ffa2e32 -> 
  custom:video-decoder-ogg-theora: a1e56fd34408186e4bbccfd4996cb3dc -> 
  custom:container-muxer-webm: aa71ff27fc2769a1b78a27578f13a17b -> 
  custom:container-demuxer-webm: 4f35f7cbe854078d1ac9338744f61a02 -> 
  custom:container-demuxer-ogg: 62fdf1f143b41e24485cea50d1cbac27 -> 
  custom:video-encoder-webm-vp8: eb34c28f22e8b96e1ab97ce403110664 -> 
  custom:video-codec-MediaFoundation-h265: 746d11721c4dcdbdad8f713fa42b33f4 -> 
  custom:video-decoder-webm-vp8: 9c59270c3fd7afecdb556c50c9e8de78 -> 
  custom:audio-decoder-ogg-vorbis: bf7c407c2cedff20999df2af8eb42d56 -> 
  custom:audio-encoder-webm-vorbis: bf7c407c2cedff20999df2af8eb42d56 -> 
========================================================================
Received Prepare
Registering precompiled user dll's ...
Registered in 0.007858 seconds.
Begin MonoManager ReloadAssembly
Native extension for WindowsStandalone target not found
Refreshing native plugins compatible for Editor in 0.70 ms, found 3 plugins.
Preloading 0 native plugins for Editor in 0.00 ms.
Mono: successfully reloaded assembly
- Completed reload, in  1.263 seconds
Domain Reload Profiling:
	ReloadAssembly (1263ms)
		BeginReloadAssembly (141ms)
			ExecutionOrderSort (0ms)
			DisableScriptedObjects (6ms)
			BackupInstance (0ms)
			ReleaseScriptingObjects (0ms)
			CreateAndSetChildDomain (41ms)
		EndReloadAssembly (1059ms)
			LoadAssemblies (126ms)
			RebuildTransferFunctionScriptingTraits (0ms)
			SetupTypeCache (396ms)
			ReleaseScriptCaches (2ms)
			RebuildScriptCaches (53ms)
			SetupLoadedEditorAssemblies (361ms)
				LogAssemblyErrors (0ms)
				InitializePlatformSupportModulesInManaged (4ms)
				SetLoadedEditorAssemblies (1ms)
				RefreshPlugins (1ms)
				BeforeProcessingInitializeOnLoad (110ms)
				ProcessInitializeOnLoadAttributes (232ms)
				ProcessInitializeOnLoadMethodAttributes (11ms)
				AfterProcessingInitializeOnLoad (2ms)
				EditorAssembliesLoaded (0ms)
			ExecutionOrderSort2 (0ms)
			AwakeInstancesAfterBackupRestoration (13ms)
Platform modules already initialized, skipping
Refreshing native plugins compatible for Editor in 0.91 ms, found 3 plugins.
Preloading 0 native plugins for Editor in 0.00 ms.
Unloading 3431 Unused Serialized files (Serialized files now loaded: 0)
System memory in use before: 146.8 MB.
System memory in use after: 147.1 MB.

Unloading 29 unused Assets to reduce memory usage. Loaded Objects now: 4052.
Total: 4.914600 ms (FindLiveObjects: 0.540800 ms CreateObjectMapping: 0.261900 ms MarkObjects: 4.071000 ms  DeleteObjects: 0.039400 ms)

AssetImportParameters requested are different than current active one (requested -> active):
  custom:framework-win-MediaFoundation: 216162199b28c13a410421893ffa2e32 -> 
  custom:video-decoder-ogg-theora: a1e56fd34408186e4bbccfd4996cb3dc -> 
  custom:container-muxer-webm: aa71ff27fc2769a1b78a27578f13a17b -> 
  custom:container-demuxer-webm: 4f35f7cbe854078d1ac9338744f61a02 -> 
  custom:container-demuxer-ogg: 62fdf1f143b41e24485cea50d1cbac27 -> 
  custom:video-encoder-webm-vp8: eb34c28f22e8b96e1ab97ce403110664 -> 
  custom:video-codec-MediaFoundation-h265: 746d11721c4dcdbdad8f713fa42b33f4 -> 
  custom:video-decoder-webm-vp8: 9c59270c3fd7afecdb556c50c9e8de78 -> 
  custom:audio-decoder-ogg-vorbis: bf7c407c2cedff20999df2af8eb42d56 -> 
  custom:audio-encoder-webm-vorbis: bf7c407c2cedff20999df2af8eb42d56 -> 
========================================================================
Received Prepare
Registering precompiled user dll's ...
Registered in 0.008102 seconds.
Begin MonoManager ReloadAssembly
Native extension for WindowsStandalone target not found
Refreshing native plugins compatible for Editor in 0.71 ms, found 3 plugins.
Preloading 0 native plugins for Editor in 0.00 ms.
Mono: successfully reloaded assembly
- Completed reload, in  1.184 seconds
Domain Reload Profiling:
	ReloadAssembly (1184ms)
		BeginReloadAssembly (132ms)
			ExecutionOrderSort (0ms)
			DisableScriptedObjects (6ms)
			BackupInstance (0ms)
			ReleaseScriptingObjects (0ms)
			CreateAndSetChildDomain (41ms)
		EndReloadAssembly (996ms)
			LoadAssemblies (110ms)
			RebuildTransferFunctionScriptingTraits (0ms)
			SetupTypeCache (385ms)
			ReleaseScriptCaches (2ms)
			RebuildScriptCaches (54ms)
			SetupLoadedEditorAssemblies (331ms)
				LogAssemblyErrors (0ms)
				InitializePlatformSupportModulesInManaged (4ms)
				SetLoadedEditorAssemblies (0ms)
				RefreshPlugins (1ms)
				BeforeProcessingInitializeOnLoad (100ms)
				ProcessInitializeOnLoadAttributes (211ms)
				ProcessInitializeOnLoadMethodAttributes (11ms)
				AfterProcessingInitializeOnLoad (3ms)
				EditorAssembliesLoaded (0ms)
			ExecutionOrderSort2 (0ms)
			AwakeInstancesAfterBackupRestoration (12ms)
Platform modules already initialized, skipping
Refreshing native plugins compatible for Editor in 0.73 ms, found 3 plugins.
Preloading 0 native plugins for Editor in 0.00 ms.
Unloading 3431 Unused Serialized files (Serialized files now loaded: 0)
System memory in use before: 146.8 MB.
System memory in use after: 147.1 MB.

Unloading 29 unused Assets to reduce memory usage. Loaded Objects now: 4054.
Total: 5.101100 ms (FindLiveObjects: 0.782500 ms CreateObjectMapping: 0.249100 ms MarkObjects: 4.008100 ms  DeleteObjects: 0.059800 ms)

AssetImportParameters requested are different than current active one (requested -> active):
  custom:framework-win-MediaFoundation: 216162199b28c13a410421893ffa2e32 -> 
  custom:video-decoder-ogg-theora: a1e56fd34408186e4bbccfd4996cb3dc -> 
  custom:container-muxer-webm: aa71ff27fc2769a1b78a27578f13a17b -> 
  custom:container-demuxer-webm: 4f35f7cbe854078d1ac9338744f61a02 -> 
  custom:container-demuxer-ogg: 62fdf1f143b41e24485cea50d1cbac27 -> 
  custom:video-encoder-webm-vp8: eb34c28f22e8b96e1ab97ce403110664 -> 
  custom:video-codec-MediaFoundation-h265: 746d11721c4dcdbdad8f713fa42b33f4 -> 
  custom:video-decoder-webm-vp8: 9c59270c3fd7afecdb556c50c9e8de78 -> 
  custom:audio-decoder-ogg-vorbis: bf7c407c2cedff20999df2af8eb42d56 -> 
  custom:audio-encoder-webm-vorbis: bf7c407c2cedff20999df2af8eb42d56 -> 
========================================================================
Received Import Request.
  Time since last request: 871.627523 seconds.
  path: Assets/Dialogues/Start.yarn
  artifactKey: Guid(c7a85ad06da079a4dbcbd9472eba6a25) Importer(815301076,1909f56bfc062723c751e8b465ee728b)
Start importing Assets/Dialogues/Start.yarn using Guid(c7a85ad06da079a4dbcbd9472eba6a25) Importer(815301076,1909f56bfc062723c751e8b465ee728b)  -> (artifact id: 'f1ed5f806b96afdba0a87a17d0d3d677') in 0.067652 seconds 
  Import took 0.074072 seconds .

========================================================================
Received Prepare
Registering precompiled user dll's ...
Registered in 0.010488 seconds.
Begin MonoManager ReloadAssembly
Native extension for WindowsStandalone target not found
Refreshing native plugins compatible for Editor in 0.80 ms, found 3 plugins.
Preloading 0 native plugins for Editor in 0.00 ms.
Mono: successfully reloaded assembly
- Completed reload, in  1.440 seconds
Domain Reload Profiling:
	ReloadAssembly (1441ms)
		BeginReloadAssembly (167ms)
			ExecutionOrderSort (0ms)
			DisableScriptedObjects (7ms)
			BackupInstance (0ms)
			ReleaseScriptingObjects (0ms)
			CreateAndSetChildDomain (57ms)
		EndReloadAssembly (1210ms)
			LoadAssemblies (147ms)
			RebuildTransferFunctionScriptingTraits (0ms)
			SetupTypeCache (452ms)
			ReleaseScriptCaches (2ms)
			RebuildScriptCaches (61ms)
			SetupLoadedEditorAssemblies (415ms)
				LogAssemblyErrors (0ms)
				InitializePlatformSupportModulesInManaged (6ms)
				SetLoadedEditorAssemblies (0ms)
				RefreshPlugins (1ms)
				BeforeProcessingInitializeOnLoad (125ms)
				ProcessInitializeOnLoadAttributes (264ms)
				ProcessInitializeOnLoadMethodAttributes (14ms)
				AfterProcessingInitializeOnLoad (3ms)
				EditorAssembliesLoaded (0ms)
			ExecutionOrderSort2 (0ms)
			AwakeInstancesAfterBackupRestoration (15ms)
Platform modules already initialized, skipping
Refreshing native plugins compatible for Editor in 0.73 ms, found 3 plugins.
Preloading 0 native plugins for Editor in 0.00 ms.
Unloading 3431 Unused Serialized files (Serialized files now loaded: 0)
System memory in use before: 146.9 MB.
System memory in use after: 147.1 MB.

Unloading 29 unused Assets to reduce memory usage. Loaded Objects now: 4056.
Total: 5.436700 ms (FindLiveObjects: 0.322000 ms CreateObjectMapping: 0.170500 ms MarkObjects: 4.807000 ms  DeleteObjects: 0.134900 ms)

AssetImportParameters requested are different than current active one (requested -> active):
  custom:framework-win-MediaFoundation: 216162199b28c13a410421893ffa2e32 -> 
  custom:video-decoder-ogg-theora: a1e56fd34408186e4bbccfd4996cb3dc -> 
  custom:container-muxer-webm: aa71ff27fc2769a1b78a27578f13a17b -> 
  custom:container-demuxer-webm: 4f35f7cbe854078d1ac9338744f61a02 -> 
  custom:container-demuxer-ogg: 62fdf1f143b41e24485cea50d1cbac27 -> 
  custom:video-encoder-webm-vp8: eb34c28f22e8b96e1ab97ce403110664 -> 
  custom:video-codec-MediaFoundation-h265: 746d11721c4dcdbdad8f713fa42b33f4 -> 
  custom:video-decoder-webm-vp8: 9c59270c3fd7afecdb556c50c9e8de78 -> 
  custom:audio-decoder-ogg-vorbis: bf7c407c2cedff20999df2af8eb42d56 -> 
  custom:audio-encoder-webm-vorbis: bf7c407c2cedff20999df2af8eb42d56 -> 
========================================================================
Received Import Request.
  Time since last request: 1290.302892 seconds.
  path: Assets/Dialogues/IPBESProject.yarnproject
  artifactKey: Guid(3e942d278c0494b428c628d27ca028a7) Importer(815301076,1909f56bfc062723c751e8b465ee728b)
Start importing Assets/Dialogues/IPBESProject.yarnproject using Guid(3e942d278c0494b428c628d27ca028a7) Importer(815301076,1909f56bfc062723c751e8b465ee728b)  -> (artifact id: '9633227458490d7000d6259eac79a5ab') in 0.026482 seconds 
  Import took 0.036319 seconds .

========================================================================
Received Import Request.
  Time since last request: 0.402980 seconds.
  path: Assets/Dialogues/Start.yarn
  artifactKey: Guid(c7a85ad06da079a4dbcbd9472eba6a25) Importer(815301076,1909f56bfc062723c751e8b465ee728b)
Start importing Assets/Dialogues/Start.yarn using Guid(c7a85ad06da079a4dbcbd9472eba6a25) Importer(815301076,1909f56bfc062723c751e8b465ee728b)  -> (artifact id: 'e10cf34b54af42f9989fc7f62ec41687') in 0.002263 seconds 
  Import took 0.009906 seconds .

========================================================================
Received Import Request.
  Time since last request: 774.175793 seconds.
  path: Assets/DialogueBubbleBehaviour.cs
  artifactKey: Guid(65b5215a70111d147b7146020b35b7fd) Importer(815301076,1909f56bfc062723c751e8b465ee728b)
Start importing Assets/DialogueBubbleBehaviour.cs using Guid(65b5215a70111d147b7146020b35b7fd) Importer(815301076,1909f56bfc062723c751e8b465ee728b)  -> (artifact id: '932adf9daafe06eca895df0dd636347c') in 0.009239 seconds 
  Import took 0.031969 seconds .

AssetImportWorkerClient::OnTransportError - code=2 error=End of file
